<?xml version="1.0" encoding="UTF-8"?>
<!-- Generated by org.testng.reporters.JUnitReportReporter -->
<testsuite hostname="DESKTOP-2UM13OP" failures="0" tests="1" name="com.coverFoxTest.CoverFoxTestUsingTestNG" time="16.562" errors="0" timestamp="2025-04-24T21:56:16 IST" skipped="0">
  <testcase classname="com.coverFoxTest.CoverFoxTestUsingTestNG" name="validateCoverFoxPlans" time="16.562">
    <system-out>
      <![CDATA[Fetching plan number from Text
Fetching plan number from plan cards
Plan number from Text = 48
Plan number from Cards = 48
TC Passed
TC is passed validateCoverFoxPlans]]>
    </system-out>
  </testcase> <!-- validateCoverFoxPlans -->
  <system-out>
    <![CDATA[Launching Browser
Launching Browser
Launching Browser
Launching Browser
Clicking on Gender
Clicking on Gender
Clicking on Gender
Handeling Age Dropdown
Handeling Age Dropdown
Clicking on Gender
Handeling Age Dropdown
Address details Page
Clicking continue button
Address details Page
Entering Pin
Handeling Age Dropdown
Address details Page
Entering Pin
Entering Mobile number
Entering Mobile number
Clicking continue button
Clicking continue button
Address details Page
Clicking continue button
Fetching plan number from Text
TC failed
TC is failed validateCoverFoxPlansFail
Checking if pincode error msg is displayed true
Fetching plan number from plan cards
Plan number from Text = 48
Plan number from Cards = 48
TC Passed
TC is passed validateCoverFoxPlans
Closing Browser
Checking if mobile error msg is displayed true
TC is passed validateAddressPageErrorMessages
Closing Browser
Taking screenshot and saving at destination C:\Users\Shubham\OneDrive\Desktop\screenshots\CoverFox2025_04_24_21_55_59.png
Closing Browser
Checking if mobile error msg is displayed true
TC is passed validateAddressPageMobileErrorMessages
Closing Browser
Launching Browser
Clicking on Gender
Handeling Age Dropdown
Address details Page
Clicking continue button
Checking if pincode error msg is displayed true
TC is passed validateAddressPagePinErrorMessages
Closing Browser]]>
  </system-out>
</testsuite> <!-- com.coverFoxTest.CoverFoxTestUsingTestNG -->
