<?xml version="1.0" encoding="UTF-8"?>
<!-- Generated by org.testng.reporters.JUnitReportReporter -->
<testsuite hostname="DESKTOP-2UM13OP" failures="0" tests="2" name="com.coverFoxTest.CoverFoxValidatePincodeAndMobileErrorMsg" time="45.671" errors="0" timestamp="2025-05-09T00:20:44 IST" skipped="0">
  <testcase classname="com.coverFoxTest.CoverFoxValidatePincodeAndMobileErrorMsg" name="validateAddressPageMobileErrorMessages" time="32.075">
    <system-out>
      <![CDATA[Checking if mobile error msg is displayed true
TC is passed validateAddressPageMobileErrorMessages
Taking screenshot and saving at destination C:\Users\Shubham\OneDrive\Desktop\screenshots\CoverFox2025_05_09_00_20_28.png]]>
    </system-out>
  </testcase> <!-- validateAddressPageMobileErrorMessages -->
  <testcase classname="com.coverFoxTest.CoverFoxValidatePincodeAndMobileErrorMsg" name="validateAddressPagePinErrorMessages" time="13.596">
    <system-out>
      <![CDATA[Checking if pincode error msg is displayed true
TC is passed validateAddressPagePinErrorMessages
Taking screenshot and saving at destination C:\Users\Shubham\OneDrive\Desktop\screenshots\CoverFox2025_05_09_00_20_42.png]]>
    </system-out>
  </testcase> <!-- validateAddressPagePinErrorMessages -->
  <system-out>
    <![CDATA[Launching Chrome Browser
Launching Chrome Browser
Launching Chrome Browser
Launching Chrome Browser
Clicking on Gender
TC is skipped validateCoverFoxPlansFail
Handeling Age Dropdown
Clicking on Gender
Clicking on Gender
Handeling Age Dropdown
Address details Page
Entering Pin
Handeling Age Dropdown
Entering Mobile number
Clicking continue button
Address details Page
Clicking continue button
Address details Page
Clicking continue button
Fetching plan number from Text
Fetching plan number from plan cards
Plan number from Text = 48
Plan number from Cards = 48
TC Passed
TC is passed validateCoverFoxPlans
Taking screenshot and saving at destination C:\Users\Shubham\OneDrive\Desktop\screenshots\CoverFox2025_05_09_00_20_27.png
Closing Browser
Checking if mobile error msg is displayed true
Checking if pincode error msg is displayed true
TC is passed validateAddressPageMobileErrorMessages
Checking if mobile error msg is displayed true
TC is passed validateAddressPageErrorMessages
Taking screenshot and saving at destination C:\Users\Shubham\OneDrive\Desktop\screenshots\CoverFox2025_05_09_00_20_28.png
Closing Browser
Taking screenshot and saving at destination C:\Users\Shubham\OneDrive\Desktop\screenshots\CoverFox2025_05_09_00_20_28.png
Closing Browser
Launching Chrome Browser
Clicking on Gender
Handeling Age Dropdown
Address details Page
Clicking continue button
Checking if pincode error msg is displayed true
TC is passed validateAddressPagePinErrorMessages
Taking screenshot and saving at destination C:\Users\Shubham\OneDrive\Desktop\screenshots\CoverFox2025_05_09_00_20_42.png
Closing Browser]]>
  </system-out>
</testsuite> <!-- com.coverFoxTest.CoverFoxValidatePincodeAndMobileErrorMsg -->
