<?xml version="1.0" encoding="UTF-8"?>
<!-- Generated by org.testng.reporters.JUnitReportReporter -->
<testsuite hostname="DESKTOP-2UM13OP" failures="0" tests="1" name="com.coverFoxTest.CoverFoxValidateErrorMsgOnAddressPage" time="33.459" errors="0" timestamp="2025-04-25T13:45:12 IST" skipped="0">
  <testcase classname="com.coverFoxTest.CoverFoxValidateErrorMsgOnAddressPage" name="validateAddressPageErrorMessages" time="33.459">
    <system-out>
      <![CDATA[Checking if pincode error msg is displayed true
Checking if mobile error msg is displayed true
TC is passed validateAddressPageErrorMessages]]>
    </system-out>
  </testcase> <!-- validateAddressPageErrorMessages -->
  <system-out>
    <![CDATA[Launching Browser
Launching Browser
Launching Browser
Launching Browser
Clicking on Gender
Clicking on Gender
Clicking on Gender
Handeling Age Dropdown
Handeling Age Dropdown
Clicking on Gender
Handeling Age Dropdown
Address details Page
Entering Pin
Handeling Age Dropdown
Address details Page
Clicking continue button
Entering Mobile number
Address details Page
Clicking continue button
Clicking continue button
Address details Page
Entering Pin
Entering Mobile number
Clicking continue button
Checking if pincode error msg is displayed true
Checking if mobile error msg is displayed true
TC is passed validateAddressPageErrorMessages
Closing Browser
TC failed
TC is failed validateCoverFoxPlansFail
Taking screenshot and saving at destination C:\Users\Shubham\OneDrive\Desktop\screenshots\CoverFox2025_04_25_13_44_54.png
Closing Browser
Checking if mobile error msg is displayed true
TC is passed validateAddressPageMobileErrorMessages
Closing Browser
Fetching plan number from Text
Fetching plan number from plan cards
Plan number from Text = 48
Plan number from Cards = 48
TC Passed
TC is passed validateCoverFoxPlans
Closing Browser
Launching Browser
Clicking on Gender
Handeling Age Dropdown
Address details Page
Clicking continue button
Checking if pincode error msg is displayed true
TC is passed validateAddressPagePinErrorMessages
Closing Browser]]>
  </system-out>
</testsuite> <!-- com.coverFoxTest.CoverFoxValidateErrorMsgOnAddressPage -->
