<?xml version="1.0" encoding="UTF-8"?>
<!-- Generated by org.testng.reporters.JUnitReportReporter -->
<testsuite hostname="DESKTOP-2UM13OP" failures="0" tests="2" name="com.coverFoxTest.CoverFoxValidatePincodeAndMobileErrorMsg" time="35.893" errors="0" timestamp="2025-04-26T01:28:53 IST" skipped="0">
  <testcase classname="com.coverFoxTest.CoverFoxValidatePincodeAndMobileErrorMsg" name="validateAddressPageMobileErrorMessages" time="17.844">
    <system-out>
      <![CDATA[Checking if mobile error msg is displayed true]]>
    </system-out>
  </testcase> <!-- validateAddressPageMobileErrorMessages -->
  <testcase classname="com.coverFoxTest.CoverFoxValidatePincodeAndMobileErrorMsg" name="validateAddressPagePinErrorMessages" time="18.049">
    <system-out>
      <![CDATA[Checking if pincode error msg is displayed true]]>
    </system-out>
  </testcase> <!-- validateAddressPagePinErrorMessages -->
  <system-out>
    <![CDATA[Launching firefox browser
Clicking on Gender
Handeling Age Dropdown
Address details Page
Clicking continue button
Checking if mobile error msg is displayed true
Closing Browser
Launching firefox browser
Clicking on Gender
Handeling Age Dropdown
Address details Page
Clicking continue button
Checking if pincode error msg is displayed true
Closing Browser]]>
  </system-out>
</testsuite> <!-- com.coverFoxTest.CoverFoxValidatePincodeAndMobileErrorMsg -->
