<?xml version="1.0" encoding="UTF-8"?>
<!-- Generated by org.testng.reporters.JUnitReportReporter -->
<testsuite hostname="DESKTOP-2UM13OP" failures="0" tests="2" name="com.coverFoxTest.CoverFoxTestUsingTestNG" time="32.228" errors="0" timestamp="2025-04-26T01:34:54 IST" skipped="0">
  <testcase classname="com.coverFoxTest.CoverFoxTestUsingTestNG" name="validateCoverFoxPlans" time="15.625">
    <system-out>
      <![CDATA[Fetching plan number from Text
Fetching plan number from plan cards
Plan number from Text = 48
Plan number from Cards = 48
TC Passed]]>
    </system-out>
  </testcase> <!-- validateCoverFoxPlans -->
  <testcase classname="com.coverFoxTest.CoverFoxTestUsingTestNG" name="validateCoverFoxPlans" time="16.603">
    <system-out>
      <![CDATA[Fetching plan number from Text
Fetching plan number from plan cards
Plan number from Text = 48
Plan number from Cards = 48
TC Passed]]>
    </system-out>
  </testcase> <!-- validateCoverFoxPlans -->
  <system-out>
    <![CDATA[Launching firefox browser
Clicking on Gender
Handeling Age Dropdown
Address details Page
Entering Pin
Entering Mobile number
Clicking continue button
Fetching plan number from Text
Fetching plan number from plan cards
Plan number from Text = 48
Plan number from Cards = 48
TC Passed
Closing Browser
Launching Chrome Browser
Clicking on Gender
Handeling Age Dropdown
Address details Page
Entering Pin
Entering Mobile number
Clicking continue button
Fetching plan number from Text
Fetching plan number from plan cards
Plan number from Text = 48
Plan number from Cards = 48
TC Passed
Closing Browser]]>
  </system-out>
</testsuite> <!-- com.coverFoxTest.CoverFoxTestUsingTestNG -->
