<?xml version="1.0" encoding="UTF-8"?>
<!-- Generated by org.testng.reporters.JUnitReportReporter -->
<testsuite hostname="DESKTOP-2UM13OP" failures="0" tests="1" name="com.coverFoxTest.CoverFoxValidateErrorMsgOnAddressPage" time="20.948" errors="0" timestamp="2025-05-09T00:26:19 IST" skipped="0">
  <testcase classname="com.coverFoxTest.CoverFoxValidateErrorMsgOnAddressPage" name="validateAddressPageErrorMessages" time="20.948">
    <system-out>
      <![CDATA[Checking if pincode error msg is displayed true
Checking if mobile error msg is displayed true
TC is passed validateAddressPageErrorMessages
Taking screenshot and saving at destination C:\Users\Shubham\OneDrive\Desktop\screenshots\CoverFox2025_05_09_00_26_17.png]]>
    </system-out>
  </testcase> <!-- validateAddressPageErrorMessages -->
  <system-out>
    <![CDATA[Launching Chrome Browser
Launching Chrome Browser
Launching Chrome Browser
Clicking on Gender
Clicking on Gender
Clicking on Gender
Handeling Age Dropdown
Handeling Age Dropdown
Handeling Age Dropdown
Address details Page
Entering Pin
Address details Page
Clicking continue button
Address details Page
Entering Pin
Entering Mobile number
Clicking continue button
Entering Mobile number
Clicking continue button
Checking if pincode error msg is displayed true
Checking if mobile error msg is displayed true
TC is passed validateAddressPageErrorMessages
Fetching plan number from Text
Fetching plan number from plan cards
Plan number from Text = 48
Plan number from Cards = 48
TC Passed
TC is passed validateCoverFoxPlans
Taking screenshot and saving at destination C:\Users\Shubham\OneDrive\Desktop\screenshots\CoverFox2025_05_09_00_26_17.png
Closing Browser
TC failed
TC is failed validateCoverFoxPlansFail
Taking screenshot and saving at destination C:\Users\Shubham\OneDrive\Desktop\screenshots\CoverFox2025_05_09_00_26_17.png
Closing Browser
Taking screenshot and saving at destination C:\Users\Shubham\OneDrive\Desktop\screenshots\CoverFox2025_05_09_00_26_17.png
Closing Browser]]>
  </system-out>
</testsuite> <!-- com.coverFoxTest.CoverFoxValidateErrorMsgOnAddressPage -->
