<?xml version="1.0" encoding="UTF-8"?>
<!-- Generated by org.testng.reporters.JUnitReportReporter -->
<testsuite hostname="DESKTOP-2UM13OP" failures="0" tests="1" name="com.coverFoxTest.CoverFoxTestUsingTestNG" time="8.187" errors="0" timestamp="2025-04-22T23:42:40 IST" skipped="0">
  <testcase classname="com.coverFoxTest.CoverFoxTestUsingTestNG" name="validateCoverFoxPlans" time="8.187">
    <system-out>
      <![CDATA[Fetching plan number from Text
Fetching plan number from plan cards
Plan number from Text = 48
Plan number from Cards = 48
TC Passed
TC is passed validateCoverFoxPlans]]>
    </system-out>
  </testcase> <!-- validateCoverFoxPlans -->
  <system-out>
    <![CDATA[Launching Browser
Clicking on Gender
Handeling Age Dropdown
Address details Page
Entering Pin
Entering Mobile number
Clicking continue button
Fetching plan number from Text
Fetching plan number from plan cards
Plan number from Text = 48
Plan number from Cards = 48
TC Passed
TC is passed validateCoverFoxPlans
Closing Browser
Launching Browser
Clicking on Gender
Handeling Age Dropdown
Address details Page
Entering Pin
Entering Mobile number
Clicking continue button
TC failed
TC is failed validateCoverFoxPlansFail
Taking screenshot and saving at destination C:\Users\Shubham\OneDrive\Desktop\screenshots\CoverFox2025_04_22_23_42_38.png
Closing Browser]]>
  </system-out>
</testsuite> <!-- com.coverFoxTest.CoverFoxTestUsingTestNG -->
